<?xml version="1.0" encoding="UTF-8"?>
<testng-results ignored="0" total="4" passed="4" failed="0" skipped="0">
  <reporter-output>
  </reporter-output>
  <suite started-at="2023-07-01T11:49:20 IST" name="Suite" finished-at="2023-07-01T11:50:04 IST" duration-ms="44020">
    <groups>
    </groups>
    <test started-at="2023-07-01T11:49:20 IST" name="Test" finished-at="2023-07-01T11:50:04 IST" duration-ms="44020">
      <class name="Test_Scenario.Registration_Test">
        <test-method is-config="true" signature="BeforeTest()[pri:0, instance:Test_Scenario.Registration_Test@77c2494c]" started-at="2023-07-01T11:49:22 IST" name="BeforeTest" finished-at="2023-07-01T11:49:23 IST" duration-ms="903" status="PASS">
          <reporter-output>
          </reporter-output>
        </test-method> <!-- BeforeTest -->
        <test-method signature="Restraion()[pri:0, instance:Test_Scenario.Registration_Test@77c2494c]" started-at="2023-07-01T11:49:54 IST" name="Restraion" finished-at="2023-07-01T11:50:04 IST" duration-ms="9923" status="PASS">
          <reporter-output>
          </reporter-output>
        </test-method> <!-- Restraion -->
        <test-method is-config="true" signature="AfterTest()[pri:0, instance:Test_Scenario.Registration_Test@77c2494c]" started-at="2023-07-01T11:50:04 IST" name="AfterTest" finished-at="2023-07-01T11:50:04 IST" duration-ms="279" status="PASS">
          <reporter-output>
          </reporter-output>
        </test-method> <!-- AfterTest -->
      </class> <!-- Test_Scenario.Registration_Test -->
      <class name="Test_Scenario.Login_Test">
        <test-method is-config="true" signature="BeforeTest()[pri:0, instance:Test_Scenario.Login_Test@682b2fa]" started-at="2023-07-01T11:49:20 IST" name="BeforeTest" finished-at="2023-07-01T11:49:22 IST" duration-ms="2206" status="PASS">
          <reporter-output>
          </reporter-output>
        </test-method> <!-- BeforeTest -->
        <test-method signature="invalidMobile()[pri:1, instance:Test_Scenario.Login_Test@682b2fa]" started-at="2023-07-01T11:49:23 IST" name="invalidMobile" finished-at="2023-07-01T11:49:32 IST" duration-ms="8688" status="PASS">
          <reporter-output>
          </reporter-output>
        </test-method> <!-- invalidMobile -->
        <test-method signature="invalidPassword()[pri:2, instance:Test_Scenario.Login_Test@682b2fa]" started-at="2023-07-01T11:49:32 IST" name="invalidPassword" finished-at="2023-07-01T11:49:42 IST" duration-ms="10377" status="PASS">
          <reporter-output>
          </reporter-output>
        </test-method> <!-- invalidPassword -->
        <test-method signature="validMobile()[pri:3, instance:Test_Scenario.Login_Test@682b2fa]" started-at="2023-07-01T11:49:42 IST" name="validMobile" finished-at="2023-07-01T11:49:54 IST" duration-ms="11590" status="PASS">
          <reporter-output>
          </reporter-output>
        </test-method> <!-- validMobile -->
      </class> <!-- Test_Scenario.Login_Test -->
    </test> <!-- Test -->
  </suite> <!-- Suite -->
</testng-results>
