<?xml version="1.0" encoding="UTF-8"?>
<!-- Generated by org.testng.reporters.JUnitXMLReporter -->
<testsuite ignored="0" hostname="Ritik" failures="0" tests="3" name="Default test" time="36.299" errors="0" timestamp="2023-06-24T20:46:09 IST">
  <testcase classname="Test_Scenario.Login_Test" name="invalidMobile" time="9.624"/>
  <testcase classname="Test_Scenario.Login_Test" name="invalidPassword" time="11.624"/>
  <testcase classname="Test_Scenario.Login_Test" name="validMobile" time="12.756"/>
</testsuite> <!-- Default test -->
