<?xml version="1.0" encoding="UTF-8"?>
<!-- Generated by org.testng.reporters.JUnitXMLReporter -->
<testsuite ignored="0" hostname="Ritik" failures="0" tests="3" name="Surefire test" time="35.231" errors="0" timestamp="2023-06-24T16:56:04 IST">
  <testcase classname="Test_Scenario.Login_Test" name="invalidMobile" time="9.651"/>
  <testcase classname="Test_Scenario.Login_Test" name="invalidPassword" time="9.53"/>
  <testcase classname="Test_Scenario.Login_Test" name="validMObile" time="12.257"/>
</testsuite> <!-- Surefire test -->
