<?xml version="1.0" encoding="UTF-8"?>
<testng-results ignored="0" total="3" passed="3" failed="0" skipped="0">
  <reporter-output>
  </reporter-output>
  <suite started-at="2023-06-24T16:55:29 IST" name="Surefire suite" finished-at="2023-06-24T16:56:04 IST" duration-ms="35231">
    <groups>
    </groups>
    <test started-at="2023-06-24T16:55:29 IST" name="Surefire test" finished-at="2023-06-24T16:56:04 IST" duration-ms="35231">
      <class name="Test_Scenario.Login_Test">
        <test-method is-config="true" signature="BeforeTest()[pri:0, instance:Test_Scenario.Login_Test@78e117e3]" started-at="2023-06-24T16:55:29 IST" name="BeforeTest" finished-at="2023-06-24T16:55:32 IST" duration-ms="3221" status="PASS">
          <reporter-output>
          </reporter-output>
        </test-method> <!-- BeforeTest -->
        <test-method signature="invalidMobile()[pri:1, instance:Test_Scenario.Login_Test@78e117e3]" started-at="2023-06-24T16:55:32 IST" name="invalidMobile" finished-at="2023-06-24T16:55:42 IST" duration-ms="9651" status="PASS">
          <reporter-output>
          </reporter-output>
        </test-method> <!-- invalidMobile -->
        <test-method signature="invalidPassword()[pri:2, instance:Test_Scenario.Login_Test@78e117e3]" started-at="2023-06-24T16:55:42 IST" name="invalidPassword" finished-at="2023-06-24T16:55:52 IST" duration-ms="9530" status="PASS">
          <reporter-output>
          </reporter-output>
        </test-method> <!-- invalidPassword -->
        <test-method signature="validMObile()[pri:3, instance:Test_Scenario.Login_Test@78e117e3]" started-at="2023-06-24T16:55:52 IST" name="validMObile" finished-at="2023-06-24T16:56:04 IST" duration-ms="12257" status="PASS">
          <reporter-output>
          </reporter-output>
        </test-method> <!-- validMObile -->
        <test-method is-config="true" signature="AfterTest()[pri:0, instance:Test_Scenario.Login_Test@78e117e3]" started-at="2023-06-24T16:56:04 IST" name="AfterTest" finished-at="2023-06-24T16:56:04 IST" duration-ms="511" status="PASS">
          <reporter-output>
          </reporter-output>
        </test-method> <!-- AfterTest -->
      </class> <!-- Test_Scenario.Login_Test -->
    </test> <!-- Surefire test -->
  </suite> <!-- Surefire suite -->
</testng-results>
