<?xml version="1.0" encoding="UTF-8"?>
<!-- Generated by org.testng.reporters.JUnitXMLReporter -->
<testsuite ignored="0" hostname="Ritik" failures="0" tests="4" name="Test" time="44.02" errors="0" timestamp="2023-07-01T11:50:04 IST">
  <testcase classname="Test_Scenario.Login_Test" name="invalidMobile" time="8.688"/>
  <testcase classname="Test_Scenario.Login_Test" name="invalidPassword" time="10.377"/>
  <testcase classname="Test_Scenario.Login_Test" name="validMobile" time="11.59"/>
  <testcase classname="Test_Scenario.Registration_Test" name="Restraion" time="9.923"/>
</testsuite> <!-- Test -->
